# JRE version: Java(TM) SE Runtime Environment (8.0_201-b09) (build 1.8.0_201-b09)
# Java VM: Java HotSpot(TM) 64-Bit Server VM (25.201-b09 mixed mode linux-amd64 compressed oops)
Heap:
 PSYoungGen      total 344064K, used 4446K [0x00000000d7000000, 0x00000000ed480000, 0x0000000100000000)
  eden space 323072K, 0% used [0x00000000d7000000,0x00000000d7000000,0x00000000eab80000)
  from space 20992K, 21% used [0x00000000eab80000,0x00000000eafd7b20,0x00000000ec000000)
  to   space 16896K, 0% used [0x00000000ec200000,0x00000000ec200000,0x00000000ed280000)
 ParOldGen       total 78336K, used 37225K [0x0000000085000000, 0x0000000089c80000, 0x00000000d7000000)
  object space 78336K, 47% used [0x0000000085000000,0x000000008745a4e8,0x0000000089c80000)
 Metaspace       used 56277K, capacity 59026K, committed 59096K, reserved 1099776K
  class space    used 7815K, capacity 8301K, committed 8320K, reserved 1048576K
GC Heap History (10 events):
Event: 9.990 GC heap after
Heap after GC invocations=8 (full 1):
 PSYoungGen      total 136704K, used 9066K [0x00000000d7000000, 0x00000000e6780000, 0x0000000100000000)
  eden space 126976K, 0% used [0x00000000d7000000,0x00000000d7000000,0x00000000dec00000)
  from space 9728K, 93% used [0x00000000dec00000,0x00000000df4dab30,0x00000000df580000)
  to   space 10752K, 0% used [0x00000000e5d00000,0x00000000e5d00000,0x00000000e6780000)
 ParOldGen       total 47104K, used 6830K [0x0000000085000000, 0x0000000087e00000, 0x00000000d7000000)
  object space 47104K, 14% used [0x0000000085000000,0x00000000856abb48,0x0000000087e00000)
 Metaspace       used 24031K, capacity 24856K, committed 24960K, reserved 1071104K
  class space    used 3190K, capacity 3445K, committed 3456K, reserved 1048576K
}
Event: 11.474 GC heap before
{Heap before GC invocations=9 (full 1):
 PSYoungGen      total 136704K, used 136042K [0x00000000d7000000, 0x00000000e6780000, 0x0000000100000000)
  eden space 126976K, 100% used [0x00000000d7000000,0x00000000dec00000,0x00000000dec00000)
  from space 9728K, 93% used [0x00000000dec00000,0x00000000df4dab30,0x00000000df580000)
  to   space 10752K, 0% used [0x00000000e5d00000,0x00000000e5d00000,0x00000000e6780000)
 ParOldGen       total 47104K, used 6830K [0x0000000085000000, 0x0000000087e00000, 0x00000000d7000000)
  object space 47104K, 14% used [0x0000000085000000,0x00000000856abb48,0x0000000087e00000)
 Metaspace       used 27648K, capacity 28756K, committed 28928K, reserved 1075200K
  class space    used 3720K, capacity 3977K, committed 4096K, reserved 1048576K
Event: 11.487 GC heap after
Heap after GC invocations=9 (full 1):
 PSYoungGen      total 238080K, used 10737K [0x00000000d7000000, 0x00000000e6780000, 0x0000000100000000)
  eden space 227328K, 0% used [0x00000000d7000000,0x00000000d7000000,0x00000000e4e00000)
  from space 10752K, 99% used [0x00000000e5d00000,0x00000000e677c6e0,0x00000000e6780000)
  to   space 12288K, 0% used [0x00000000e4f80000,0x00000000e4f80000,0x00000000e5b80000)
 ParOldGen       total 47104K, used 7320K [0x0000000085000000, 0x0000000087e00000, 0x00000000d7000000)
  object space 47104K, 15% used [0x0000000085000000,0x0000000085726088,0x0000000087e00000)
 Metaspace       used 27648K, capacity 28756K, committed 28928K, reserved 1075200K
  class space    used 3720K, capacity 3977K, committed 4096K, reserved 1048576K
}
Event: 17.300 GC heap before
{Heap before GC invocations=10 (full 1):
 PSYoungGen      total 238080K, used 204282K [0x00000000d7000000, 0x00000000e6780000, 0x0000000100000000)
  eden space 227328K, 85% used [0x00000000d7000000,0x00000000e2d02428,0x00000000e4e00000)
  from space 10752K, 99% used [0x00000000e5d00000,0x00000000e677c6e0,0x00000000e6780000)
  to   space 12288K, 0% used [0x00000000e4f80000,0x00000000e4f80000,0x00000000e5b80000)
 ParOldGen       total 47104K, used 7320K [0x0000000085000000, 0x0000000087e00000, 0x00000000d7000000)
  object space 47104K, 15% used [0x0000000085000000,0x0000000085726088,0x0000000087e00000)
 Metaspace       used 33578K, capacity 35296K, committed 35456K, reserved 1079296K
  class space    used 4534K, capacity 4867K, committed 4992K, reserved 1048576K
Event: 17.321 GC heap after
Heap after GC invocations=10 (full 1):
 PSYoungGen      total 241152K, used 12279K [0x00000000d7000000, 0x00000000ed280000, 0x0000000100000000)
  eden space 228864K, 0% used [0x00000000d7000000,0x00000000d7000000,0x00000000e4f80000)
  from space 12288K, 99% used [0x00000000e4f80000,0x00000000e5b7dc80,0x00000000e5b80000)
  to   space 16896K, 0% used [0x00000000ec200000,0x00000000ec200000,0x00000000ed280000)
 ParOldGen       total 47104K, used 14707K [0x0000000085000000, 0x0000000087e00000, 0x00000000d7000000)
  object space 47104K, 31% used [0x0000000085000000,0x0000000085e5ccc8,0x0000000087e00000)
 Metaspace       used 33578K, capacity 35296K, committed 35456K, reserved 1079296K
  class space    used 4534K, capacity 4867K, committed 4992K, reserved 1048576K
}
Event: 17.321 GC heap before
{Heap before GC invocations=11 (full 2):
 PSYoungGen      total 241152K, used 12279K [0x00000000d7000000, 0x00000000ed280000, 0x0000000100000000)
  eden space 228864K, 0% used [0x00000000d7000000,0x00000000d7000000,0x00000000e4f80000)
  from space 12288K, 99% used [0x00000000e4f80000,0x00000000e5b7dc80,0x00000000e5b80000)
  to   space 16896K, 0% used [0x00000000ec200000,0x00000000ec200000,0x00000000ed280000)
 ParOldGen       total 47104K, used 14707K [0x0000000085000000, 0x0000000087e00000, 0x00000000d7000000)
  object space 47104K, 31% used [0x0000000085000000,0x0000000085e5ccc8,0x0000000087e00000)
 Metaspace       used 33578K, capacity 35296K, committed 35456K, reserved 1079296K
  class space    used 4534K, capacity 4867K, committed 4992K, reserved 1048576K
Event: 17.486 GC heap after
Heap after GC invocations=11 (full 2):
 PSYoungGen      total 241152K, used 0K [0x00000000d7000000, 0x00000000ed280000, 0x0000000100000000)
  eden space 228864K, 0% used [0x00000000d7000000,0x00000000d7000000,0x00000000e4f80000)
  from space 12288K, 0% used [0x00000000e4f80000,0x00000000e4f80000,0x00000000e5b80000)
  to   space 16896K, 0% used [0x00000000ec200000,0x00000000ec200000,0x00000000ed280000)
 ParOldGen       total 78336K, used 24622K [0x0000000085000000, 0x0000000089c80000, 0x00000000d7000000)
  object space 78336K, 31% used [0x0000000085000000,0x000000008680b908,0x0000000089c80000)
 Metaspace       used 33578K, capacity 35296K, committed 35456K, reserved 1079296K
  class space    used 4534K, capacity 4867K, committed 4992K, reserved 1048576K
}
Event: 60.666 GC heap before
{Heap before GC invocations=12 (full 2):
 PSYoungGen      total 241152K, used 228864K [0x00000000d7000000, 0x00000000ed280000, 0x0000000100000000)
  eden space 228864K, 100% used [0x00000000d7000000,0x00000000e4f80000,0x00000000e4f80000)
  from space 12288K, 0% used [0x00000000e4f80000,0x00000000e4f80000,0x00000000e5b80000)
  to   space 16896K, 0% used [0x00000000ec200000,0x00000000ec200000,0x00000000ed280000)
 ParOldGen       total 78336K, used 24622K [0x0000000085000000, 0x0000000089c80000, 0x00000000d7000000)
  object space 78336K, 31% used [0x0000000085000000,0x000000008680b908,0x0000000089c80000)
 Metaspace       used 52422K, capacity 55074K, committed 55296K, reserved 1097728K
  class space    used 7359K, capacity 7849K, committed 7936K, reserved 1048576K
Event: 61.870 GC heap after
Heap after GC invocations=12 (full 2):
 PSYoungGen      total 339968K, used 16880K [0x00000000d7000000, 0x00000000ed480000, 0x0000000100000000)
  eden space 323072K, 0% used [0x00000000d7000000,0x00000000d7000000,0x00000000eab80000)
  from space 16896K, 99% used [0x00000000ec200000,0x00000000ed27c198,0x00000000ed280000)
  to   space 20992K, 0% used [0x00000000eab80000,0x00000000eab80000,0x00000000ec000000)
 ParOldGen       total 78336K, used 29954K [0x0000000085000000, 0x0000000089c80000, 0x00000000d7000000)
  object space 78336K, 38% used [0x0000000085000000,0x0000000086d40860,0x0000000089c80000)
 Metaspace       used 52422K, capacity 55074K, committed 55296K, reserved 1097728K
  class space    used 7359K, capacity 7849K, committed 7936K, reserved 1048576K
}
Event: 100.258 GC heap before
{Heap before GC invocations=13 (full 2):
 PSYoungGen      total 339968K, used 76833K [0x00000000d7000000, 0x00000000ed480000, 0x0000000100000000)
  eden space 323072K, 18% used [0x00000000d7000000,0x00000000daa8c478,0x00000000eab80000)
  from space 16896K, 99% used [0x00000000ec200000,0x00000000ed27c198,0x00000000ed280000)
  to   space 20992K, 0% used [0x00000000eab80000,0x00000000eab80000,0x00000000ec000000)
 ParOldGen       total 78336K, used 29954K [0x0000000085000000, 0x0000000089c80000, 0x00000000d7000000)
  object space 78336K, 38% used [0x0000000085000000,0x0000000086d40860,0x0000000089c80000)
 Metaspace       used 56277K, capacity 59026K, committed 59096K, reserved 1099776K
  class space    used 7815K, capacity 8301K, committed 8320K, reserved 1048576K

